<?xml version="1.0" encoding="UTF-8"?>
<!-- Generated by org.testng.reporters.JUnitReportReporter -->
<testsuite hostname="ASDA0086" name="com.qait.demo.tests.GmailTest" tests="3" failures="0" timestamp="16 Jul 2018 11:15:50 GMT" time="30.680" errors="0">
  <testcase name="verifyFolderCreation" time="15.255" classname="com.qait.demo.tests.GmailTest"/>
  <testcase name="verifyUserGmailAccountLogin" time="9.922" classname="com.qait.demo.tests.GmailTest"/>
  <testcase name="movingMailToExistingLabel" time="5.503" classname="com.qait.demo.tests.GmailTest"/>
</testsuite> <!-- com.qait.demo.tests.GmailTest -->
